<?xml version="1.0" encoding="UTF-8"?>
<!-- Generated by org.testng.reporters.JUnitXMLReporter -->
<testsuite ignored="0" hostname="MSI" failures="0" tests="6" name="Default test"
	time="33.311" errors="0" timestamp="2023-11-24T21:36:15 IST">
	<testcase classname="opencart.Shopping" name="siteNavigationTestBlog"
		time="2.123" />
	<testcase classname="opencart.Shopping" name="siteNavigationTestDemo"
		time="0.594" />
	<testcase classname="opencart.Shopping" name="siteNavigationTestDownload"
		time="1.051" />
	<testcase classname="opencart.Shopping" name="siteNavigationTestFeatures"
		time="3.118" />
	<testcase classname="opencart.Shopping" name="siteNavigationTestHomepage"
		time="0.012" />
	<testcase classname="opencart.Shopping" name="siteNavigationTestMarketplace"
		time="1.544" />
</testsuite> <!-- Default test -->
