<?xml version="1.0" encoding="UTF-8"?>
<!-- Generated by org.testng.reporters.JUnitXMLReporter -->
<testsuite ignored="0" hostname="MSI" failures="0" tests="6" name="ChromeTest"
	time="7.763" errors="0" timestamp="2023-11-27T16:15:02 IST">
	<testcase classname="opencart.Shopping" name="siteNavigationTestBlog"
		time="0.942" />
	<testcase classname="opencart.Shopping" name="siteNavigationTestDemo"
		time="0.547" />
	<testcase classname="opencart.Shopping" name="siteNavigationTestDownload"
		time="1.093" />
	<testcase classname="opencart.Shopping" name="siteNavigationTestFeatures"
		time="0.801" />
	<testcase classname="opencart.Shopping" name="siteNavigationTestHomepage"
		time="0.044" />
	<testcase classname="opencart.Shopping" name="siteNavigationTestMarketplace"
		time="1.045" />
</testsuite> <!-- ChromeTest -->
