<?xml version="1.0" encoding="UTF-8"?>
<!-- Generated by org.testng.reporters.JUnitXMLReporter -->
<testsuite ignored="0" hostname="MSI" failures="0" tests="6" name="EdgeTest"
	time="8.836" errors="0" timestamp="2023-11-27T16:15:03 IST">
	<testcase classname="opencart.Shopping" name="siteNavigationTestBlog"
		time="1.015" />
	<testcase classname="opencart.Shopping" name="siteNavigationTestDemo"
		time="1.08" />
	<testcase classname="opencart.Shopping" name="siteNavigationTestDownload"
		time="1.052" />
	<testcase classname="opencart.Shopping" name="siteNavigationTestFeatures"
		time="0.874" />
	<testcase classname="opencart.Shopping" name="siteNavigationTestHomepage"
		time="0.06" />
	<testcase classname="opencart.Shopping" name="siteNavigationTestMarketplace"
		time="1.323" />
</testsuite> <!-- EdgeTest -->
