<?xml version="1.0" encoding="UTF-8"?>
<!-- Generated by org.testng.reporters.JUnitXMLReporter -->
<testsuite ignored="0" hostname="MSI" failures="0" tests="6" name="FirefoxTest"
	time="9.687" errors="0" timestamp="2023-11-27T16:15:03 IST">
	<testcase classname="opencart.Shopping" name="siteNavigationTestBlog"
		time="1.153" />
	<testcase classname="opencart.Shopping" name="siteNavigationTestDemo"
		time="1.103" />
	<testcase classname="opencart.Shopping" name="siteNavigationTestDownload"
		time="1.061" />
	<testcase classname="opencart.Shopping" name="siteNavigationTestFeatures"
		time="0.844" />
	<testcase classname="opencart.Shopping" name="siteNavigationTestHomepage"
		time="0.033" />
	<testcase classname="opencart.Shopping" name="siteNavigationTestMarketplace"
		time="1.253" />
</testsuite> <!-- FirefoxTest -->
