<?xml version="1.0" encoding="UTF-8"?>
<!-- Generated by org.testng.reporters.JUnitXMLReporter -->
<testsuite ignored="0" hostname="MSI" failures="0" tests="6" name="Test"
	time="13.256" errors="0" timestamp="2023-11-26T17:32:13 IST">
	<testcase classname="opencart.Shopping" name="siteNavigationTestBlog"
		time="1.69" />
	<testcase classname="opencart.Shopping" name="siteNavigationTestDemo"
		time="1.418" />
	<testcase classname="opencart.Shopping" name="siteNavigationTestDownload"
		time="1.719" />
	<testcase classname="opencart.Shopping" name="siteNavigationTestFeatures"
		time="1.647" />
	<testcase classname="opencart.Shopping" name="siteNavigationTestHomepage"
		time="0.041" />
	<testcase classname="opencart.Shopping" name="siteNavigationTestMarketplace"
		time="1.224" />
</testsuite> <!-- Test -->
