<?xml version="1.0" encoding="UTF-8"?>
<testng-results ignored="0" total="18" passed="18" failed="0" skipped="0">
	<reporter-output>
	</reporter-output>
	<suite started-at="2023-11-27T16:14:54 IST" name="Suite"
		finished-at="2023-11-27T16:15:03 IST" duration-ms="9687">
		<groups>
		</groups>
		<test started-at="2023-11-27T16:14:54 IST" name="ChromeTest"
			finished-at="2023-11-27T16:15:01 IST" duration-ms="7763">
			<class name="opencart.Shopping">
				<test-method is-config="true"
					signature="preTestConfig(java.lang.String)[pri:0, instance:opencart.Shopping@6283d8b8]"
					started-at="2023-11-27T16:14:54 IST" name="preTestConfig"
					finished-at="2023-11-27T16:14:57 IST" duration-ms="3181"
					status="PASS">
					<params>
						<param index="0">
							<value>
                <![CDATA[chrome]]>
              </value>
						</param>
					</params>
					<reporter-output>
					</reporter-output>
				</test-method> <!--
				preTestConfig -->
				<test-method
					signature="siteNavigationTestBlog()[pri:0, instance:opencart.Shopping@6283d8b8]"
					started-at="2023-11-27T16:14:57 IST"
					name="siteNavigationTestBlog"
					finished-at="2023-11-27T16:14:58 IST" duration-ms="942"
					status="PASS">
					<reporter-output>
					</reporter-output>
				</test-method> <!--
				siteNavigationTestBlog -->
				<test-method
					signature="siteNavigationTestDemo()[pri:0, instance:opencart.Shopping@6283d8b8]"
					started-at="2023-11-27T16:14:58 IST"
					name="siteNavigationTestDemo"
					finished-at="2023-11-27T16:14:58 IST" duration-ms="547"
					status="PASS">
					<reporter-output>
					</reporter-output>
				</test-method> <!--
				siteNavigationTestDemo -->
				<test-method
					signature="siteNavigationTestDownload()[pri:0, instance:opencart.Shopping@6283d8b8]"
					started-at="2023-11-27T16:14:58 IST"
					name="siteNavigationTestDownload"
					finished-at="2023-11-27T16:15:00 IST" duration-ms="1093"
					status="PASS">
					<reporter-output>
					</reporter-output>
				</test-method> <!--
				siteNavigationTestDownload -->
				<test-method
					signature="siteNavigationTestFeatures()[pri:0, instance:opencart.Shopping@6283d8b8]"
					started-at="2023-11-27T16:15:00 IST"
					name="siteNavigationTestFeatures"
					finished-at="2023-11-27T16:15:00 IST" duration-ms="801"
					status="PASS">
					<reporter-output>
					</reporter-output>
				</test-method> <!--
				siteNavigationTestFeatures -->
				<test-method
					signature="siteNavigationTestHomepage()[pri:0, instance:opencart.Shopping@6283d8b8]"
					started-at="2023-11-27T16:15:00 IST"
					name="siteNavigationTestHomepage"
					finished-at="2023-11-27T16:15:00 IST" duration-ms="44"
					status="PASS">
					<reporter-output>
					</reporter-output>
				</test-method> <!--
				siteNavigationTestHomepage -->
				<test-method
					signature="siteNavigationTestMarketplace()[pri:0, instance:opencart.Shopping@6283d8b8]"
					started-at="2023-11-27T16:15:00 IST"
					name="siteNavigationTestMarketplace"
					finished-at="2023-11-27T16:15:01 IST" duration-ms="1045"
					status="PASS">
					<reporter-output>
					</reporter-output>
				</test-method> <!--
				siteNavigationTestMarketplace -->
				<test-method is-config="true"
					signature="postTestConfig()[pri:0, instance:opencart.Shopping@6283d8b8]"
					started-at="2023-11-27T16:15:01 IST" name="postTestConfig"
					finished-at="2023-11-27T16:15:01 IST" duration-ms="95"
					status="PASS">
					<reporter-output>
					</reporter-output>
				</test-method> <!--
				postTestConfig -->
			</class> <!--
			opencart.Shopping -->
		</test> <!--
		ChromeTest -->
		<test started-at="2023-11-27T16:14:54 IST" name="EdgeTest"
			finished-at="2023-11-27T16:15:03 IST" duration-ms="8836">
			<class name="opencart.Shopping">
				<test-method is-config="true"
					signature="preTestConfig(java.lang.String)[pri:0, instance:opencart.Shopping@27462a88]"
					started-at="2023-11-27T16:14:54 IST" name="preTestConfig"
					finished-at="2023-11-27T16:14:57 IST" duration-ms="3295"
					status="PASS">
					<params>
						<param index="0">
							<value>
                <![CDATA[edge]]>
              </value>
						</param>
					</params>
					<reporter-output>
					</reporter-output>
				</test-method> <!--
				preTestConfig -->
				<test-method
					signature="siteNavigationTestBlog()[pri:0, instance:opencart.Shopping@27462a88]"
					started-at="2023-11-27T16:14:57 IST"
					name="siteNavigationTestBlog"
					finished-at="2023-11-27T16:14:58 IST" duration-ms="1015"
					status="PASS">
					<reporter-output>
					</reporter-output>
				</test-method> <!--
				siteNavigationTestBlog -->
				<test-method
					signature="siteNavigationTestDemo()[pri:0, instance:opencart.Shopping@27462a88]"
					started-at="2023-11-27T16:14:58 IST"
					name="siteNavigationTestDemo"
					finished-at="2023-11-27T16:14:59 IST" duration-ms="1080"
					status="PASS">
					<reporter-output>
					</reporter-output>
				</test-method> <!--
				siteNavigationTestDemo -->
				<test-method
					signature="siteNavigationTestDownload()[pri:0, instance:opencart.Shopping@27462a88]"
					started-at="2023-11-27T16:14:59 IST"
					name="siteNavigationTestDownload"
					finished-at="2023-11-27T16:15:00 IST" duration-ms="1052"
					status="PASS">
					<reporter-output>
					</reporter-output>
				</test-method> <!--
				siteNavigationTestDownload -->
				<test-method
					signature="siteNavigationTestFeatures()[pri:0, instance:opencart.Shopping@27462a88]"
					started-at="2023-11-27T16:15:00 IST"
					name="siteNavigationTestFeatures"
					finished-at="2023-11-27T16:15:01 IST" duration-ms="874"
					status="PASS">
					<reporter-output>
					</reporter-output>
				</test-method> <!--
				siteNavigationTestFeatures -->
				<test-method
					signature="siteNavigationTestHomepage()[pri:0, instance:opencart.Shopping@27462a88]"
					started-at="2023-11-27T16:15:01 IST"
					name="siteNavigationTestHomepage"
					finished-at="2023-11-27T16:15:01 IST" duration-ms="60"
					status="PASS">
					<reporter-output>
					</reporter-output>
				</test-method> <!--
				siteNavigationTestHomepage -->
				<test-method
					signature="siteNavigationTestMarketplace()[pri:0, instance:opencart.Shopping@27462a88]"
					started-at="2023-11-27T16:15:01 IST"
					name="siteNavigationTestMarketplace"
					finished-at="2023-11-27T16:15:02 IST" duration-ms="1323"
					status="PASS">
					<reporter-output>
					</reporter-output>
				</test-method> <!--
				siteNavigationTestMarketplace -->
				<test-method is-config="true"
					signature="postTestConfig()[pri:0, instance:opencart.Shopping@27462a88]"
					started-at="2023-11-27T16:15:02 IST" name="postTestConfig"
					finished-at="2023-11-27T16:15:03 IST" duration-ms="133"
					status="PASS">
					<reporter-output>
					</reporter-output>
				</test-method> <!--
				postTestConfig -->
			</class> <!--
			opencart.Shopping -->
		</test> <!--
		EdgeTest -->
		<test started-at="2023-11-27T16:14:54 IST" name="FirefoxTest"
			finished-at="2023-11-27T16:15:03 IST" duration-ms="9687">
			<class name="opencart.Shopping">
				<test-method is-config="true"
					signature="preTestConfig(java.lang.String)[pri:0, instance:opencart.Shopping@12aba8be]"
					started-at="2023-11-27T16:14:54 IST" name="preTestConfig"
					finished-at="2023-11-27T16:14:57 IST" duration-ms="3714"
					status="PASS">
					<params>
						<param index="0">
							<value>
                <![CDATA[firefox]]>
              </value>
						</param>
					</params>
					<reporter-output>
					</reporter-output>
				</test-method> <!--
				preTestConfig -->
				<test-method
					signature="siteNavigationTestBlog()[pri:0, instance:opencart.Shopping@12aba8be]"
					started-at="2023-11-27T16:14:57 IST"
					name="siteNavigationTestBlog"
					finished-at="2023-11-27T16:14:59 IST" duration-ms="1153"
					status="PASS">
					<reporter-output>
					</reporter-output>
				</test-method> <!--
				siteNavigationTestBlog -->
				<test-method
					signature="siteNavigationTestDemo()[pri:0, instance:opencart.Shopping@12aba8be]"
					started-at="2023-11-27T16:14:59 IST"
					name="siteNavigationTestDemo"
					finished-at="2023-11-27T16:15:00 IST" duration-ms="1103"
					status="PASS">
					<reporter-output>
					</reporter-output>
				</test-method> <!--
				siteNavigationTestDemo -->
				<test-method
					signature="siteNavigationTestDownload()[pri:0, instance:opencart.Shopping@12aba8be]"
					started-at="2023-11-27T16:15:00 IST"
					name="siteNavigationTestDownload"
					finished-at="2023-11-27T16:15:01 IST" duration-ms="1061"
					status="PASS">
					<reporter-output>
					</reporter-output>
				</test-method> <!--
				siteNavigationTestDownload -->
				<test-method
					signature="siteNavigationTestFeatures()[pri:0, instance:opencart.Shopping@12aba8be]"
					started-at="2023-11-27T16:15:01 IST"
					name="siteNavigationTestFeatures"
					finished-at="2023-11-27T16:15:02 IST" duration-ms="844"
					status="PASS">
					<reporter-output>
					</reporter-output>
				</test-method> <!--
				siteNavigationTestFeatures -->
				<test-method
					signature="siteNavigationTestHomepage()[pri:0, instance:opencart.Shopping@12aba8be]"
					started-at="2023-11-27T16:15:02 IST"
					name="siteNavigationTestHomepage"
					finished-at="2023-11-27T16:15:02 IST" duration-ms="33"
					status="PASS">
					<reporter-output>
					</reporter-output>
				</test-method> <!--
				siteNavigationTestHomepage -->
				<test-method
					signature="siteNavigationTestMarketplace()[pri:0, instance:opencart.Shopping@12aba8be]"
					started-at="2023-11-27T16:15:02 IST"
					name="siteNavigationTestMarketplace"
					finished-at="2023-11-27T16:15:03 IST" duration-ms="1253"
					status="PASS">
					<reporter-output>
					</reporter-output>
				</test-method> <!--
				siteNavigationTestMarketplace -->
				<test-method is-config="true"
					signature="postTestConfig()[pri:0, instance:opencart.Shopping@12aba8be]"
					started-at="2023-11-27T16:15:03 IST" name="postTestConfig"
					finished-at="2023-11-27T16:15:03 IST" duration-ms="520"
					status="PASS">
					<reporter-output>
					</reporter-output>
				</test-method> <!--
				postTestConfig -->
			</class> <!--
			opencart.Shopping -->
		</test> <!--
		FirefoxTest -->
	</suite> <!--
	Suite -->
</testng-results>
